0 info it worked if it ends with ok
1 verbose cli [ 'node',
1 verbose cli   '/home/andreas/.nvm/v0.10.40/bin/npm',
1 verbose cli   'run',
1 verbose cli   'generate-site' ]
2 info using npm@2.14.2
3 info using node@v0.10.40
4 verbose run-script [ 'pregenerate-site', 'generate-site', 'postgenerate-site' ]
5 info pregenerate-site unexpected-sinon@8.0.0
6 info generate-site unexpected-sinon@8.0.0
7 verbose unsafe-perm in lifecycle true
8 info unexpected-sinon@8.0.0 Failed to exec generate-site script
9 verbose stack Error: unexpected-sinon@8.0.0 generate-site: `generate-site --require ./bootstrap-unexpected-markdown.js`
9 verbose stack spawn ENOENT
9 verbose stack     at ChildProcess.<anonymous> (/home/andreas/.nvm/v0.10.40/lib/node_modules/npm/lib/utils/spawn.js:17:16)
9 verbose stack     at ChildProcess.emit (events.js:98:17)
9 verbose stack     at maybeClose (child_process.js:766:16)
9 verbose stack     at Process.ChildProcess._handle.onexit (child_process.js:833:5)
10 verbose pkgid unexpected-sinon@8.0.0
11 verbose cwd /home/andreas/work/unexpected-sinon
12 error Linux 3.19.0-30-generic
13 error argv "node" "/home/andreas/.nvm/v0.10.40/bin/npm" "run" "generate-site"
14 error node v0.10.40
15 error npm  v2.14.2
16 error file sh
17 error code ELIFECYCLE
18 error errno ENOENT
19 error syscall spawn
20 error unexpected-sinon@8.0.0 generate-site: `generate-site --require ./bootstrap-unexpected-markdown.js`
20 error spawn ENOENT
21 error Failed at the unexpected-sinon@8.0.0 generate-site script 'generate-site --require ./bootstrap-unexpected-markdown.js'.
21 error This is most likely a problem with the unexpected-sinon package,
21 error not with npm itself.
21 error Tell the author that this fails on your system:
21 error     generate-site --require ./bootstrap-unexpected-markdown.js
21 error You can get their info via:
21 error     npm owner ls unexpected-sinon
21 error There is likely additional logging output above.
22 verbose exit [ 1, true ]
